<?xml version="1.0" encoding="UTF-8"?>
<!-- Generated by org.testng.reporters.JUnitReportReporter -->
<testsuite skipped="0" hostname="TDBLR-LTP-XX1" name="com.utils.BrowserLaunch" tests="3" failures="0" timestamp="13 May 2019 05:06:50 GMT" time="6.536" errors="0">
  <testcase name="test" time="0.303" classname="com.utils.BrowserLaunch"/>
  <testcase name="login" time="4.083" classname="com.utils.BrowserLaunch"/>
  <testcase name="logout" time="2.150" classname="com.utils.BrowserLaunch"/>
</testsuite> <!-- com.utils.BrowserLaunch -->
